C51 COMPILER V9.54   DS1302                                                                10/16/2020 20:39:53 PAGE 1   


C51 COMPILER V9.54, COMPILATION OF MODULE DS1302
OBJECT MODULE PLACED IN .\Objects\ds1302.obj
COMPILER INVOKED BY: D:\Keil\3\C51\BIN\C51.EXE ..\HARDWARE\DS1302\ds1302.c OPTIMIZE(8,SPEED) BROWSE INCDIR(..\HARDWARE\B
                    -ASE;..\HARDWARE\DELAYMS;..\HARDWARE\DS18B20;..\HARDWARE\IIC;..\HARDWARE\SMG;..\HARDWARE\TINIT) DEBUG OBJECTEXTEND PRINT(
                    -.\Listings\ds1302.lst) TABS(2) OBJECT(.\Objects\ds1302.obj)

line level    source

   1          /*
   2            程序说明: DS1302驱动程序
   3            软件环境: Keil uVision 4.10 
   4            硬件环境: CT107单片机综合实训平台 8051，12MHz
   5            日    期: 2011-8-9
   6          */
   7          #include "ds1302.h"                       
   8          
   9          void Write_Ds1302_Byte(unsigned  char temp) 
  10          {
  11   1        unsigned char i;
  12   1        for (i=0;i<8;i++)       
  13   1        { 
  14   2          SCK=0;
  15   2          SDA=temp&0x01;
  16   2          temp>>=1; 
  17   2          SCK=1;
  18   2        }
  19   1      }   
  20          
  21          void Write_Ds1302( unsigned char address,unsigned char dat )     
  22          {
  23   1        RST=0;  _nop_();
  24   1        SCK=0;  _nop_();
  25   1        RST=1;  _nop_();  
  26   1        Write_Ds1302_Byte(address); 
  27   1        Write_Ds1302_Byte(dat);   
  28   1        RST=0; 
  29   1      }
  30          
  31          unsigned char Read_Ds1302_Byte ( unsigned char address )
  32          {
  33   1        unsigned char i,temp=0x00;
  34   1        RST=0;  _nop_();
  35   1        SCK=0;  _nop_();
  36   1        RST=1;  _nop_();
  37   1        Write_Ds1302_Byte(address);
  38   1        for (i=0;i<8;i++)   
  39   1        {   
  40   2          SCK=0;
  41   2          temp>>=1; 
  42   2          if(SDA)
  43   2          temp|=0x80; 
  44   2          SCK=1;
  45   2        } 
  46   1        RST=0;  _nop_();
  47   1        SCK=0;  _nop_();
  48   1        SCK=1;  _nop_();
  49   1        SDA=0;  _nop_();
  50   1        SDA=1;  _nop_();
  51   1        return (temp);      
  52   1      }
  53          
C51 COMPILER V9.54   DS1302                                                                10/16/2020 20:39:53 PAGE 2   

  54          void sfm(unsigned char shi,unsigned char fen,unsigned char miao)
  55          {
  56   1        Write_Ds1302(0x8e,0);         //关闭保护引脚
  57   1        Write_Ds1302(0x80,(miao/10)*16+miao%10);    //时分秒的地址84，82，80
  58   1        Write_Ds1302(0x82,(fen/10)*16+fen%10);    
  59   1        Write_Ds1302(0x84,(shi/10)*16+shi%10);
  60   1        Write_Ds1302(0x8e,0x80);     //打开保护引脚
  61   1      }
  62           


MODULE INFORMATION:   STATIC OVERLAYABLE
   CODE SIZE        =    175    ----
   CONSTANT SIZE    =   ----    ----
   XDATA SIZE       =   ----    ----
   PDATA SIZE       =   ----    ----
   DATA SIZE        =   ----    ----
   IDATA SIZE       =   ----    ----
   BIT SIZE         =   ----    ----
END OF MODULE INFORMATION.


C51 COMPILATION COMPLETE.  0 WARNING(S),  0 ERROR(S)
