C51 COMPILER V9.54   TINIT_LIB                                                             10/16/2020 22:23:08 PAGE 1   


C51 COMPILER V9.54, COMPILATION OF MODULE TINIT_LIB
OBJECT MODULE PLACED IN .\Objects\Tinit_lib.obj
COMPILER INVOKED BY: D:\Keil\3\C51\BIN\C51.EXE ..\HARDWARE\TINIT\Tinit_lib.c OPTIMIZE(8,SPEED) BROWSE INCDIR(..\HARDWARE
                    -\BASE;..\HARDWARE\DELAYMS;..\HARDWARE\DS18B20;..\HARDWARE\IIC;..\HARDWARE\SMG;..\HARDWARE\TINIT;..\HARDWARE\KEYPAD) DEBU
                    -G OBJECTEXTEND PRINT(.\Listings\Tinit_lib.lst) TABS(2) OBJECT(.\Objects\Tinit_lib.obj)

line level    source

   1          /***************定时器初始化***************/
   2          #include "Tinit_lib.h"
   3          /*T0*/
   4          void Timer0Init(void)   // 10 毫秒 @11.0592MHz
   5          {
   6   1        AUXR &= 0x7F; // 定时器时钟 12T 模式
   7   1        TMOD &= 0xF0; // 设置定时器模式
   8   1        TL0 = 0x00;   // 设置定时初值
   9   1        TH0 = 0xDC;   // 设置定时初值
  10   1        TF0 = 0;    // 清除 TF0 标志
  11   1        TR0 = 1;    // 定时器 0 开始计时
  12   1      
  13   1        EA = 1;
  14   1        ET0 = 1;
  15   1      }
  16          /*T1*/
  17          void Timer1Init(void)   // 10 毫秒 @11.0592MHz
  18          {
  19   1        AUXR &= 0xBF; // 定时器时钟 12T 模式
  20   1        TMOD &= 0x0F; // 设置定时器模式
  21   1        TL1 = 0x00;   // 设置定时初值
  22   1        TH1 = 0xDC;   // 设置定时初值
  23   1        TF1 = 0;    // 清除 TF1 标志
  24   1        TR1 = 1;    // 定时器 1 开始计时
  25   1      
  26   1        EA = 1;
  27   1        ET1 = 1;
  28   1      }
  29          /*T2*/
  30          void Timer2Init(void)   // 10 毫秒 @11.0592MHz
  31          {
  32   1        AUXR &= 0xFB; // 定时器时钟 12T 模式
  33   1        T2L = 0x00;   // 设置定时初值
  34   1        T2H = 0xDC;   // 设置定时初值
  35   1        AUXR |= 0x10;   // 定时器 2 开始计时
  36   1      
  37   1        EA = 1;
  38   1        IE2 |= 0x04;
  39   1      }


MODULE INFORMATION:   STATIC OVERLAYABLE
   CODE SIZE        =     60    ----
   CONSTANT SIZE    =   ----    ----
   XDATA SIZE       =   ----    ----
   PDATA SIZE       =   ----    ----
   DATA SIZE        =   ----    ----
   IDATA SIZE       =   ----    ----
   BIT SIZE         =   ----    ----
END OF MODULE INFORMATION.


C51 COMPILATION COMPLETE.  0 WARNING(S),  0 ERROR(S)
