C51 COMPILER V9.54   KEYPAD_LIB                                                            10/16/2020 22:23:08 PAGE 1   


C51 COMPILER V9.54, COMPILATION OF MODULE KEYPAD_LIB
OBJECT MODULE PLACED IN .\Objects\Keypad_lib.obj
COMPILER INVOKED BY: D:\Keil\3\C51\BIN\C51.EXE ..\HARDWARE\KEYPAD\Keypad_lib.c OPTIMIZE(8,SPEED) BROWSE INCDIR(..\HARDWA
                    -RE\BASE;..\HARDWARE\DELAYMS;..\HARDWARE\DS18B20;..\HARDWARE\IIC;..\HARDWARE\SMG;..\HARDWARE\TINIT;..\HARDWARE\KEYPAD) DE
                    -BUG OBJECTEXTEND PRINT(.\Listings\Keypad_lib.lst) TABS(2) OBJECT(.\Objects\Keypad_lib.obj)

line level    source

   1          /************矩阵键盘扫描**** 返回按键值，如无按键按下则返回 0****/
   2          // 矩阵键盘
   3          // IAP15 芯片的 WR/RD 功能不是 P36/P37 引脚功能，故用 P42/P44 引脚代替
   4          // 即：P3^6 => P42  P3^7 => P44
   5          #include "Keypad_lib.h"
   6          
   7          uchar keyScan()
   8          {
   9   1        uchar keyValue = 0;
  10   1        // 键盘初始化
  11   1        P3 = 0x0f; P42 = 0; P44 = 0;
  12   1        // 键盘扫描
  13   1        if (P3 != 0x0f)
  14   1        {
  15   2            delayms(10);    // 消抖
  16   2            if (P3 != 0x0f)
  17   2            {
  18   3                switch (P3)
  19   3                {
  20   4                      case 0x07: keyValue = 13;break;
  21   4                      case 0x0b: keyValue = 9; break;
  22   4                      case 0x0d: keyValue = 5; break;
  23   4                      case 0x0e: keyValue = 1; break;
  24   4                      default: return 0;
  25   4                }
  26   3                  // 键盘翻转
  27   3                P3 = 0xf0; P42 = 1; P44 = 1;
  28   3                // 扫描
  29   3                if (!P34) keyValue += 3;
  30   3                else if (!P35) keyValue += 2;
  31   3                else if (!P42) keyValue += 1;
  32   3                else if (!P44) keyValue += 0;
  33   3                else return 0;
  34   3                // 等待按键抬起
  35   3                while (P3 != 0xf0);
  36   3                while (!P42);
  37   3                while (!P44);
  38   3            }
  39   2        }
  40   1        return keyValue;  // 返回按键值，如无按键按下则返回 0
  41   1      }


MODULE INFORMATION:   STATIC OVERLAYABLE
   CODE SIZE        =    126    ----
   CONSTANT SIZE    =   ----    ----
   XDATA SIZE       =   ----    ----
   PDATA SIZE       =   ----    ----
   DATA SIZE        =   ----       1
   IDATA SIZE       =   ----    ----
   BIT SIZE         =   ----    ----
END OF MODULE INFORMATION.


C51 COMPILATION COMPLETE.  0 WARNING(S),  0 ERROR(S)
