C51 COMPILER V9.54   SMG_LIB                                                               10/16/2020 22:23:08 PAGE 1   


C51 COMPILER V9.54, COMPILATION OF MODULE SMG_LIB
OBJECT MODULE PLACED IN .\Objects\smg_lib.obj
COMPILER INVOKED BY: D:\Keil\3\C51\BIN\C51.EXE ..\HARDWARE\SMG\smg_lib.c OPTIMIZE(8,SPEED) BROWSE INCDIR(..\HARDWARE\BAS
                    -E;..\HARDWARE\DELAYMS;..\HARDWARE\DS18B20;..\HARDWARE\IIC;..\HARDWARE\SMG;..\HARDWARE\TINIT;..\HARDWARE\KEYPAD) DEBUG OB
                    -JECTEXTEND PRINT(.\Listings\smg_lib.lst) TABS(2) OBJECT(.\Objects\smg_lib.obj)

line level    source

   1          /********数码管显示*******/
   2          #include "smg_lib.h"
   3          
   4          uchar numChar[] = {0XC0, 0XF9, 0XA4, 0XB0, 0X99, 0X92, 0X82, 0XF8, 0X80, 0X90}; 
   5          
   6          void shumaguan(uchar wei, uchar num)
   7          {
   8   1          select(7);  // 关闭数码管
   9   1          P0 = 0xff;
  10   1          select(0);
  11   1      
  12   1          P0 = 0x00;
  13   1          select(6);  // 位选
  14   1          P0 = 0x80 >> wei;   // [0x80]从左至右 [0x01] 从右至左
  15   1          select(0);
  16   1      
  17   1          P0 = 0xff;
  18   1          select(7);
  19   1          P0 = numChar[num];
  20   1          select(0);
  21   1      
  22   1          delayms(3);   // 延时 3ms
  23   1      }


MODULE INFORMATION:   STATIC OVERLAYABLE
   CODE SIZE        =     73    ----
   CONSTANT SIZE    =   ----    ----
   XDATA SIZE       =   ----    ----
   PDATA SIZE       =   ----    ----
   DATA SIZE        =     10       2
   IDATA SIZE       =   ----    ----
   BIT SIZE         =   ----    ----
END OF MODULE INFORMATION.


C51 COMPILATION COMPLETE.  0 WARNING(S),  0 ERROR(S)
